<?xml version="1.0" encoding="UTF-8"?>
<!-- Generated by org.testng.reporters.JUnitXMLReporter -->
<testsuite hostname="Milenas-MacBook-Pro.local" ignored="8" name="Smoke Test" tests="2" failures="0" timestamp="15 Jun 2019 18:47:59 GMT" time="11.525" errors="0">
  <testcase name="doLogin" time="2.887" classname="com.syntax.testcases.LoginPageTest"/>
  <testcase name="loginToOrangeHRM" time="1.774" classname="com.syntax.testcases.LoginPageTest"/>
  <testcase name="negativeLogin" time="0.0" classname="com.syntax.testcases.LoginPageTest2">
    <ignored/>
  </testcase> <!-- negativeLogin -->
  <testcase name="negativeLogin" time="0.0" classname="com.syntax.testcases.LoginPageTest">
    <ignored/>
  </testcase> <!-- negativeLogin -->
  <testcase name="loginToOrangeHRM" time="0.0" classname="com.syntax.testcases.LoginPageTest2">
    <ignored/>
  </testcase> <!-- loginToOrangeHRM -->
  <testcase name="addLocation" time="0.0" classname="com.syntax.testcases.AddLocationPageTest">
    <ignored/>
  </testcase> <!-- addLocation -->
  <testcase name="addEmployee" time="0.0" classname="com.syntax.testcases.AddEmployeePageTest2">
    <ignored/>
  </testcase> <!-- addEmployee -->
  <testcase name="addEmployee" time="0.0" classname="com.syntax.testcases.AddEmployyePageTestAsel">
    <ignored/>
  </testcase> <!-- addEmployee -->
  <testcase name="doLogin" time="0.0" classname="com.syntax.testcases.LoginPageTest2">
    <ignored/>
  </testcase> <!-- doLogin -->
  <testcase name="AddEmployee" time="0.0" classname="com.syntax.testcases.AddEmployeePageTest">
    <ignored/>
  </testcase> <!-- AddEmployee -->
</testsuite> <!-- Smoke Test -->
