<?xml version="1.0" encoding="UTF-8"?>
<!-- Generated by org.testng.reporters.JUnitXMLReporter -->
<testsuite hostname="Milenas-MacBook-Pro.local" ignored="7" name="Regression Test" tests="5" failures="3" timestamp="15 Jun 2019 22:16:13 GMT" time="40.7" errors="0">
  <testcase name="addEmployee" time="0.0" classname="com.syntax.testcases.AddEmployyePageTestAsel">
    <skipped/>
  </testcase> <!-- addEmployee -->
  <testcase name="negativeLogin" time="1.732" classname="com.syntax.testcases.LoginPageTest"/>
  <testcase name="addEmployee" time="8.991" classname="com.syntax.testcases.AddEmployeePageTest2">
    <failure type="java.lang.AssertionError" message="expected:&amp;lt;&amp;gt; but was:&amp;lt;John White&amp;gt;">
      <![CDATA[java.lang.AssertionError: expected:<> but was:<John White>
at com.syntax.testcases.AddEmployeePageTest2.addEmployee(AddEmployeePageTest2.java:69)
... Removed 27 stack frames]]>
    </failure>
  </testcase> <!-- addEmployee -->
  <testcase name="addEmployee" time="8.668" classname="com.syntax.testcases.AddEmployeePageTest2">
    <failure type="java.lang.AssertionError" message="expected:&amp;lt;&amp;gt; but was:&amp;lt;Jane Yellow&amp;gt;">
      <![CDATA[java.lang.AssertionError: expected:<> but was:<Jane Yellow>
at com.syntax.testcases.AddEmployeePageTest2.addEmployee(AddEmployeePageTest2.java:69)
... Removed 27 stack frames]]>
    </failure>
  </testcase> <!-- addEmployee -->
  <testcase name="addEmployee" time="8.79" classname="com.syntax.testcases.AddEmployeePageTest2">
    <failure type="java.lang.AssertionError" message="expected:&amp;lt;&amp;gt; but was:&amp;lt;Arya Blue&amp;gt;">
      <![CDATA[java.lang.AssertionError: expected:<> but was:<Arya Blue>
at com.syntax.testcases.AddEmployeePageTest2.addEmployee(AddEmployeePageTest2.java:69)
... Removed 27 stack frames]]>
    </failure>
  </testcase> <!-- addEmployee -->
  <testcase name="doLogin" time="0.0" classname="com.syntax.testcases.LoginPageTest">
    <ignored/>
  </testcase> <!-- doLogin -->
  <testcase name="negativeLogin" time="0.0" classname="com.syntax.testcases.LoginPageTest2">
    <ignored/>
  </testcase> <!-- negativeLogin -->
  <testcase name="loginToOrangeHRM" time="0.0" classname="com.syntax.testcases.LoginPageTest2">
    <ignored/>
  </testcase> <!-- loginToOrangeHRM -->
  <testcase name="addLocation" time="0.0" classname="com.syntax.testcases.AddLocationPageTest">
    <ignored/>
  </testcase> <!-- addLocation -->
  <testcase name="doLogin" time="0.0" classname="com.syntax.testcases.LoginPageTest2">
    <ignored/>
  </testcase> <!-- doLogin -->
  <testcase name="loginToOrangeHRM" time="0.0" classname="com.syntax.testcases.LoginPageTest">
    <ignored/>
  </testcase> <!-- loginToOrangeHRM -->
  <testcase name="AddEmployee" time="0.0" classname="com.syntax.testcases.AddEmployeePageTest">
    <ignored/>
  </testcase> <!-- AddEmployee -->
</testsuite> <!-- Regression Test -->
