-------------------------------------------------------------------------------
Test set: TestSuite
-------------------------------------------------------------------------------
Tests run: 3, Failures: 1, Errors: 0, Skipped: 0, Time elapsed: 17.852 s <<< FAILURE! - in TestSuite
doLogin(com.syntax.testcases.LoginPageTest)  Time elapsed: 3.053 s  <<< FAILURE!
java.lang.AssertionError: expected [true] but found [false]
	at com.syntax.testcases.LoginPageTest.doLogin(LoginPageTest.java:62)

