<?xml version="1.0" encoding="UTF-8"?>
<testng-results skipped="0" failed="0" ignored="17" total="20" passed="3">
  <reporter-output>
  </reporter-output>
  <suite name="Smoke Suite" duration-ms="37636" started-at="2019-06-16T18:28:18Z" finished-at="2019-06-16T18:28:56Z">
    <groups>
      <group name="smoke">
        <method signature="LoginPageTest.doLogin()[pri:0, instance:com.syntax.testcases.LoginPageTest@31ef45e3]" name="doLogin" class="com.syntax.testcases.LoginPageTest"/>
        <method signature="LoginPageTest.loginToOrangeHRM()[pri:0, instance:com.syntax.testcases.LoginPageTest@31ef45e3]" name="loginToOrangeHRM" class="com.syntax.testcases.LoginPageTest"/>
        <method signature="LoginPageTest2.doLogin()[pri:0, instance:com.syntax.testcases.LoginPageTest2@57fffcd7]" name="doLogin" class="com.syntax.testcases.LoginPageTest2"/>
      </group> <!-- smoke -->
    </groups>
    <test name="Smoke Test" duration-ms="37636" started-at="2019-06-16T18:28:18Z" finished-at="2019-06-16T18:28:56Z">
      <class name="com.syntax.testcases.LoginPageTest">
        <test-method status="PASS" signature="setUp()[pri:0, instance:com.syntax.testcases.LoginPageTest@31ef45e3]" name="setUp" is-config="true" duration-ms="6043" started-at="2019-06-16T18:28:32Z" finished-at="2019-06-16T18:28:38Z">
          <reporter-output>
          </reporter-output>
        </test-method> <!-- setUp -->
        <test-method status="PASS" signature="doLogin()[pri:0, instance:com.syntax.testcases.LoginPageTest@31ef45e3]" name="doLogin" duration-ms="5989" started-at="2019-06-16T18:28:38Z" finished-at="2019-06-16T18:28:44Z">
          <reporter-output>
          </reporter-output>
        </test-method> <!-- doLogin -->
        <test-method status="PASS" signature="tearDown()[pri:0, instance:com.syntax.testcases.LoginPageTest@31ef45e3]" name="tearDown" is-config="true" duration-ms="174" started-at="2019-06-16T18:28:44Z" finished-at="2019-06-16T18:28:44Z">
          <reporter-output>
          </reporter-output>
        </test-method> <!-- tearDown -->
        <test-method status="PASS" signature="setUp()[pri:0, instance:com.syntax.testcases.LoginPageTest@31ef45e3]" name="setUp" is-config="true" duration-ms="4566" started-at="2019-06-16T18:28:44Z" finished-at="2019-06-16T18:28:49Z">
          <reporter-output>
          </reporter-output>
        </test-method> <!-- setUp -->
        <test-method status="PASS" signature="loginToOrangeHRM()[pri:0, instance:com.syntax.testcases.LoginPageTest@31ef45e3]" name="loginToOrangeHRM" duration-ms="5321" started-at="2019-06-16T18:28:49Z" finished-at="2019-06-16T18:28:54Z">
          <reporter-output>
          </reporter-output>
        </test-method> <!-- loginToOrangeHRM -->
        <test-method status="PASS" signature="tearDown()[pri:0, instance:com.syntax.testcases.LoginPageTest@31ef45e3]" name="tearDown" is-config="true" duration-ms="318" started-at="2019-06-16T18:28:54Z" finished-at="2019-06-16T18:28:54Z">
          <reporter-output>
          </reporter-output>
        </test-method> <!-- tearDown -->
      </class> <!-- com.syntax.testcases.LoginPageTest -->
      <class name="com.syntax.testcases.LoginPageTest2">
        <test-method status="PASS" signature="setUp()[pri:0, instance:com.syntax.testcases.LoginPageTest2@57fffcd7]" name="setUp" is-config="true" duration-ms="6523" started-at="2019-06-16T18:28:19Z" finished-at="2019-06-16T18:28:25Z">
          <reporter-output>
          </reporter-output>
        </test-method> <!-- setUp -->
        <test-method status="PASS" signature="doLogin()[pri:0, instance:com.syntax.testcases.LoginPageTest2@57fffcd7]" name="doLogin" duration-ms="6209" started-at="2019-06-16T18:28:25Z" finished-at="2019-06-16T18:28:32Z">
          <reporter-output>
          </reporter-output>
        </test-method> <!-- doLogin -->
        <test-method status="PASS" signature="tearDown()[pri:0, instance:com.syntax.testcases.LoginPageTest2@57fffcd7]" name="tearDown" is-config="true" duration-ms="335" started-at="2019-06-16T18:28:32Z" finished-at="2019-06-16T18:28:32Z">
          <reporter-output>
          </reporter-output>
        </test-method> <!-- tearDown -->
      </class> <!-- com.syntax.testcases.LoginPageTest2 -->
      <class name="com.syntax.testcases.AddLocationPageTest">
        <test-method status="PASS" signature="generateReport()[pri:0, instance:com.syntax.testcases.AddLocationPageTest@464bee09]" name="generateReport" is-config="true" duration-ms="479" started-at="2019-06-16T18:28:18Z" finished-at="2019-06-16T18:28:19Z">
          <reporter-output>
          </reporter-output>
        </test-method> <!-- generateReport -->
        <test-method status="PASS" signature="flushReport()[pri:0, instance:com.syntax.testcases.AddLocationPageTest@464bee09]" name="flushReport" is-config="true" duration-ms="1620" started-at="2019-06-16T18:28:54Z" finished-at="2019-06-16T18:28:56Z">
          <reporter-output>
          </reporter-output>
        </test-method> <!-- flushReport -->
      </class> <!-- com.syntax.testcases.AddLocationPageTest -->
    </test> <!-- Smoke Test -->
  </suite> <!-- Smoke Suite -->
</testng-results>
