<?xml version="1.0" encoding="UTF-8"?>
<testng-results skipped="0" failed="0" ignored="0" total="1" passed="1">
  <reporter-output>
  </reporter-output>
  <suite name="Default suite" duration-ms="8096" started-at="2019-06-08T18:53:21Z" finished-at="2019-06-08T18:53:29Z">
    <groups>
    </groups>
    <test name="Default test" duration-ms="8096" started-at="2019-06-08T18:53:21Z" finished-at="2019-06-08T18:53:29Z">
      <class name="com.syntax.testcases.LoginPageTest">
        <test-method status="PASS" signature="setUp()[pri:0, instance:com.syntax.testcases.LoginPageTest@475530b9]" name="setUp" is-config="true" duration-ms="4329" started-at="2019-06-08T18:53:21Z" finished-at="2019-06-08T18:53:25Z">
          <reporter-output>
          </reporter-output>
        </test-method> <!-- setUp -->
        <test-method status="PASS" signature="loginToOrangeHRM()[pri:0, instance:com.syntax.testcases.LoginPageTest@475530b9]" name="loginToOrangeHRM" duration-ms="3490" started-at="2019-06-08T18:53:25Z" finished-at="2019-06-08T18:53:29Z">
          <reporter-output>
          </reporter-output>
        </test-method> <!-- loginToOrangeHRM -->
        <test-method status="PASS" signature="tearDown()[pri:0, instance:com.syntax.testcases.LoginPageTest@475530b9]" name="tearDown" is-config="true" duration-ms="215" started-at="2019-06-08T18:53:29Z" finished-at="2019-06-08T18:53:29Z">
          <reporter-output>
          </reporter-output>
        </test-method> <!-- tearDown -->
      </class> <!-- com.syntax.testcases.LoginPageTest -->
    </test> <!-- Default test -->
  </suite> <!-- Default suite -->
</testng-results>
